{
  meta: {
    error: Error: This is an error
        at file:///D:/githubrepos/MERN_Development/011.AdvanceBackend02.js/02.monitoring_and_logging/logger/index.js:31:10
        at Layer.handleRequest (D:\githubrepos\MERN_Development\011.AdvanceBackend02.js\02.monitoring_and_logging\logger\node_modules\router\lib\layer.js:152:17)
        at next (D:\githubrepos\MERN_Development\011.AdvanceBackend02.js\02.monitoring_and_logging\logger\node_modules\router\lib\route.js:157:13)
        at Route.dispatch (D:\githubrepos\MERN_Development\011.AdvanceBackend02.js\02.monitoring_and_logging\logger\node_modules\router\lib\route.js:117:3)
        at handle (D:\githubrepos\MERN_Development\011.AdvanceBackend02.js\02.monitoring_and_logging\logger\node_modules\router\index.js:435:11)
        at Layer.handleRequest (D:\githubrepos\MERN_Development\011.AdvanceBackend02.js\02.monitoring_and_logging\logger\node_modules\router\lib\layer.js:152:17)
        at D:\githubrepos\MERN_Development\011.AdvanceBackend02.js\02.monitoring_and_logging\logger\node_modules\router\index.js:295:15
        at processParams (D:\githubrepos\MERN_Development\011.AdvanceBackend02.js\02.monitoring_and_logging\logger\node_modules\router\index.js:582:12)
        at next (D:\githubrepos\MERN_Development\011.AdvanceBackend02.js\02.monitoring_and_logging\logger\node_modules\router\index.js:291:5)
        at D:\githubrepos\MERN_Development\011.AdvanceBackend02.js\02.monitoring_and_logging\logger\node_modules\express-winston\index.js:429:9,
    level: 'error',
    message: 'uncaughtException: This is an error\n' +
      'Error: This is an error\n' +
      '    at file:///D:/githubrepos/MERN_Development/011.AdvanceBackend02.js/02.monitoring_and_logging/logger/index.js:31:10\n' +
      '    at Layer.handleRequest (D:\\githubrepos\\MERN_Development\\011.AdvanceBackend02.js\\02.monitoring_and_logging\\logger\\node_modules\\router\\lib\\layer.js:152:17)\n' +
      '    at next (D:\\githubrepos\\MERN_Development\\011.AdvanceBackend02.js\\02.monitoring_and_logging\\logger\\node_modules\\router\\lib\\route.js:157:13)\n' +
      '    at Route.dispatch (D:\\githubrepos\\MERN_Development\\011.AdvanceBackend02.js\\02.monitoring_and_logging\\logger\\node_modules\\router\\lib\\route.js:117:3)\n' +
      '    at handle (D:\\githubrepos\\MERN_Development\\011.AdvanceBackend02.js\\02.monitoring_and_logging\\logger\\node_modules\\router\\index.js:435:11)\n' +
      '    at Layer.handleRequest (D:\\githubrepos\\MERN_Development\\011.AdvanceBackend02.js\\02.monitoring_and_logging\\logger\\node_modules\\router\\lib\\layer.js:152:17)\n' +
      '    at D:\\githubrepos\\MERN_Development\\011.AdvanceBackend02.js\\02.monitoring_and_logging\\logger\\node_modules\\router\\index.js:295:15\n' +
      '    at processParams (D:\\githubrepos\\MERN_Development\\011.AdvanceBackend02.js\\02.monitoring_and_logging\\logger\\node_modules\\router\\index.js:582:12)\n' +
      '    at next (D:\\githubrepos\\MERN_Development\\011.AdvanceBackend02.js\\02.monitoring_and_logging\\logger\\node_modules\\router\\index.js:291:5)\n' +
      '    at D:\\githubrepos\\MERN_Development\\011.AdvanceBackend02.js\\02.monitoring_and_logging\\logger\\node_modules\\express-winston\\index.js:429:9',
    stack: 'Error: This is an error\n' +
      '    at file:///D:/githubrepos/MERN_Development/011.AdvanceBackend02.js/02.monitoring_and_logging/logger/index.js:31:10\n' +
      '    at Layer.handleRequest (D:\\githubrepos\\MERN_Development\\011.AdvanceBackend02.js\\02.monitoring_and_logging\\logger\\node_modules\\router\\lib\\layer.js:152:17)\n' +
      '    at next (D:\\githubrepos\\MERN_Development\\011.AdvanceBackend02.js\\02.monitoring_and_logging\\logger\\node_modules\\router\\lib\\route.js:157:13)\n' +
      '    at Route.dispatch (D:\\githubrepos\\MERN_Development\\011.AdvanceBackend02.js\\02.monitoring_and_logging\\logger\\node_modules\\router\\lib\\route.js:117:3)\n' +
      '    at handle (D:\\githubrepos\\MERN_Development\\011.AdvanceBackend02.js\\02.monitoring_and_logging\\logger\\node_modules\\router\\index.js:435:11)\n' +
      '    at Layer.handleRequest (D:\\githubrepos\\MERN_Development\\011.AdvanceBackend02.js\\02.monitoring_and_logging\\logger\\node_modules\\router\\lib\\layer.js:152:17)\n' +
      '    at D:\\githubrepos\\MERN_Development\\011.AdvanceBackend02.js\\02.monitoring_and_logging\\logger\\node_modules\\router\\index.js:295:15\n' +
      '    at processParams (D:\\githubrepos\\MERN_Development\\011.AdvanceBackend02.js\\02.monitoring_and_logging\\logger\\node_modules\\router\\index.js:582:12)\n' +
      '    at next (D:\\githubrepos\\MERN_Development\\011.AdvanceBackend02.js\\02.monitoring_and_logging\\logger\\node_modules\\router\\index.js:291:5)\n' +
      '    at D:\\githubrepos\\MERN_Development\\011.AdvanceBackend02.js\\02.monitoring_and_logging\\logger\\node_modules\\express-winston\\index.js:429:9',
    exception: true,
    date: 'Sat Apr 05 2025 07:40:09 GMT+0530 (India Standard Time)',
    process: {
      pid: 7048,
      uid: null,
      gid: null,
      cwd: 'D:\\githubrepos\\MERN_Development\\011.AdvanceBackend02.js\\02.monitoring_and_logging\\logger',
      execPath: 'D:\\NodeInstallation\\node.exe',
      version: 'v22.14.0',
      argv: [
        'D:\\NodeInstallation\\node.exe',
        'D:\\githubrepos\\MERN_Development\\011.AdvanceBackend02.js\\02.monitoring_and_logging\\logger\\index.js'
      ],
      memoryUsage: {
        rss: 41996288,
        heapTotal: 12115968,
        heapUsed: 10214064,
        external: 2348981,
        arrayBuffers: 16795
      }
    },
    os: { loadavg: [ 0, 0, 0 ], uptime: 329666.734 },
    trace: [
      {
        column: 10,
        file: 'file:///D:/githubrepos/MERN_Development/011.AdvanceBackend02.js/02.monitoring_and_logging/logger/index.js',
        function: null,
        line: 31,
        method: null,
        native: false
      },
      {
        column: 17,
        file: 'D:\\githubrepos\\MERN_Development\\011.AdvanceBackend02.js\\02.monitoring_and_logging\\logger\\node_modules\\router\\lib\\layer.js',
        function: 'Layer.handleRequest',
        line: 152,
        method: 'handleRequest',
        native: false
      },
      {
        column: 13,
        file: 'D:\\githubrepos\\MERN_Development\\011.AdvanceBackend02.js\\02.monitoring_and_logging\\logger\\node_modules\\router\\lib\\route.js',
        function: 'next',
        line: 157,
        method: null,
        native: false
      },
      {
        column: 3,
        file: 'D:\\githubrepos\\MERN_Development\\011.AdvanceBackend02.js\\02.monitoring_and_logging\\logger\\node_modules\\router\\lib\\route.js',
        function: 'Route.dispatch',
        line: 117,
        method: 'dispatch',
        native: false
      },
      {
        column: 11,
        file: 'D:\\githubrepos\\MERN_Development\\011.AdvanceBackend02.js\\02.monitoring_and_logging\\logger\\node_modules\\router\\index.js',
        function: 'handle',
        line: 435,
        method: null,
        native: false
      },
      {
        column: 17,
        file: 'D:\\githubrepos\\MERN_Development\\011.AdvanceBackend02.js\\02.monitoring_and_logging\\logger\\node_modules\\router\\lib\\layer.js',
        function: 'Layer.handleRequest',
        line: 152,
        method: 'handleRequest',
        native: false
      },
      {
        column: 15,
        file: 'D:\\githubrepos\\MERN_Development\\011.AdvanceBackend02.js\\02.monitoring_and_logging\\logger\\node_modules\\router\\index.js',
        function: null,
        line: 295,
        method: null,
        native: false
      },
      {
        column: 12,
        file: 'D:\\githubrepos\\MERN_Development\\011.AdvanceBackend02.js\\02.monitoring_and_logging\\logger\\node_modules\\router\\index.js',
        function: 'processParams',
        line: 582,
        method: null,
        native: false
      },
      {
        column: 5,
        file: 'D:\\githubrepos\\MERN_Development\\011.AdvanceBackend02.js\\02.monitoring_and_logging\\logger\\node_modules\\router\\index.js',
        function: 'next',
        line: 291,
        method: null,
        native: false
      },
      {
        column: 9,
        file: 'D:\\githubrepos\\MERN_Development\\011.AdvanceBackend02.js\\02.monitoring_and_logging\\logger\\node_modules\\express-winston\\index.js',
        function: null,
        line: 429,
        method: null,
        native: false
      }
    ],
    req: {
      url: '/err',
      headers: {
        host: 'localhost:8080',
        connection: 'keep-alive',
        'cache-control': 'max-age=0',
        'sec-ch-ua': '"Chromium";v="134", "Not:A-Brand";v="24", "Google Chrome";v="134"',
        'sec-ch-ua-mobile': '?0',
        'sec-ch-ua-platform': '"Windows"',
        'upgrade-insecure-requests': '1',
        'user-agent': 'Mozilla/5.0 (Windows NT 10.0; Win64; x64) AppleWebKit/537.36 (KHTML, like Gecko) Chrome/134.0.0.0 Safari/537.36',
        accept: 'text/html,application/xhtml+xml,application/xml;q=0.9,image/avif,image/webp,image/apng,*/*;q=0.8,application/signed-exchange;v=b3;q=0.7',
        'sec-fetch-site': 'none',
        'sec-fetch-mode': 'navigate',
        'sec-fetch-user': '?1',
        'sec-fetch-dest': 'document',
        'accept-encoding': 'gzip, deflate, br, zstd',
        'accept-language': 'en-US,en;q=0.9'
      },
      method: 'GET',
      httpVersion: '1.1',
      originalUrl: '/err',
      query: [Object: null prototype] {}
    }
  },
  level: 'error',
  message: 'middlewareError'
}
{
  meta: {
    error: Error: This is an error
        at file:///D:/githubrepos/MERN_Development/011.AdvanceBackend02.js/02.monitoring_and_logging/logger/index.js:31:10
        at Layer.handleRequest (D:\githubrepos\MERN_Development\011.AdvanceBackend02.js\02.monitoring_and_logging\logger\node_modules\router\lib\layer.js:152:17)
        at next (D:\githubrepos\MERN_Development\011.AdvanceBackend02.js\02.monitoring_and_logging\logger\node_modules\router\lib\route.js:157:13)
        at Route.dispatch (D:\githubrepos\MERN_Development\011.AdvanceBackend02.js\02.monitoring_and_logging\logger\node_modules\router\lib\route.js:117:3)
        at handle (D:\githubrepos\MERN_Development\011.AdvanceBackend02.js\02.monitoring_and_logging\logger\node_modules\router\index.js:435:11)
        at Layer.handleRequest (D:\githubrepos\MERN_Development\011.AdvanceBackend02.js\02.monitoring_and_logging\logger\node_modules\router\lib\layer.js:152:17)
        at D:\githubrepos\MERN_Development\011.AdvanceBackend02.js\02.monitoring_and_logging\logger\node_modules\router\index.js:295:15
        at processParams (D:\githubrepos\MERN_Development\011.AdvanceBackend02.js\02.monitoring_and_logging\logger\node_modules\router\index.js:582:12)
        at next (D:\githubrepos\MERN_Development\011.AdvanceBackend02.js\02.monitoring_and_logging\logger\node_modules\router\index.js:291:5)
        at D:\githubrepos\MERN_Development\011.AdvanceBackend02.js\02.monitoring_and_logging\logger\node_modules\express-winston\index.js:429:9,
    level: 'error',
    message: 'uncaughtException: This is an error\n' +
      'Error: This is an error\n' +
      '    at file:///D:/githubrepos/MERN_Development/011.AdvanceBackend02.js/02.monitoring_and_logging/logger/index.js:31:10\n' +
      '    at Layer.handleRequest (D:\\githubrepos\\MERN_Development\\011.AdvanceBackend02.js\\02.monitoring_and_logging\\logger\\node_modules\\router\\lib\\layer.js:152:17)\n' +
      '    at next (D:\\githubrepos\\MERN_Development\\011.AdvanceBackend02.js\\02.monitoring_and_logging\\logger\\node_modules\\router\\lib\\route.js:157:13)\n' +
      '    at Route.dispatch (D:\\githubrepos\\MERN_Development\\011.AdvanceBackend02.js\\02.monitoring_and_logging\\logger\\node_modules\\router\\lib\\route.js:117:3)\n' +
      '    at handle (D:\\githubrepos\\MERN_Development\\011.AdvanceBackend02.js\\02.monitoring_and_logging\\logger\\node_modules\\router\\index.js:435:11)\n' +
      '    at Layer.handleRequest (D:\\githubrepos\\MERN_Development\\011.AdvanceBackend02.js\\02.monitoring_and_logging\\logger\\node_modules\\router\\lib\\layer.js:152:17)\n' +
      '    at D:\\githubrepos\\MERN_Development\\011.AdvanceBackend02.js\\02.monitoring_and_logging\\logger\\node_modules\\router\\index.js:295:15\n' +
      '    at processParams (D:\\githubrepos\\MERN_Development\\011.AdvanceBackend02.js\\02.monitoring_and_logging\\logger\\node_modules\\router\\index.js:582:12)\n' +
      '    at next (D:\\githubrepos\\MERN_Development\\011.AdvanceBackend02.js\\02.monitoring_and_logging\\logger\\node_modules\\router\\index.js:291:5)\n' +
      '    at D:\\githubrepos\\MERN_Development\\011.AdvanceBackend02.js\\02.monitoring_and_logging\\logger\\node_modules\\express-winston\\index.js:429:9',
    stack: 'Error: This is an error\n' +
      '    at file:///D:/githubrepos/MERN_Development/011.AdvanceBackend02.js/02.monitoring_and_logging/logger/index.js:31:10\n' +
      '    at Layer.handleRequest (D:\\githubrepos\\MERN_Development\\011.AdvanceBackend02.js\\02.monitoring_and_logging\\logger\\node_modules\\router\\lib\\layer.js:152:17)\n' +
      '    at next (D:\\githubrepos\\MERN_Development\\011.AdvanceBackend02.js\\02.monitoring_and_logging\\logger\\node_modules\\router\\lib\\route.js:157:13)\n' +
      '    at Route.dispatch (D:\\githubrepos\\MERN_Development\\011.AdvanceBackend02.js\\02.monitoring_and_logging\\logger\\node_modules\\router\\lib\\route.js:117:3)\n' +
      '    at handle (D:\\githubrepos\\MERN_Development\\011.AdvanceBackend02.js\\02.monitoring_and_logging\\logger\\node_modules\\router\\index.js:435:11)\n' +
      '    at Layer.handleRequest (D:\\githubrepos\\MERN_Development\\011.AdvanceBackend02.js\\02.monitoring_and_logging\\logger\\node_modules\\router\\lib\\layer.js:152:17)\n' +
      '    at D:\\githubrepos\\MERN_Development\\011.AdvanceBackend02.js\\02.monitoring_and_logging\\logger\\node_modules\\router\\index.js:295:15\n' +
      '    at processParams (D:\\githubrepos\\MERN_Development\\011.AdvanceBackend02.js\\02.monitoring_and_logging\\logger\\node_modules\\router\\index.js:582:12)\n' +
      '    at next (D:\\githubrepos\\MERN_Development\\011.AdvanceBackend02.js\\02.monitoring_and_logging\\logger\\node_modules\\router\\index.js:291:5)\n' +
      '    at D:\\githubrepos\\MERN_Development\\011.AdvanceBackend02.js\\02.monitoring_and_logging\\logger\\node_modules\\express-winston\\index.js:429:9',
    exception: true,
    date: 'Sat Apr 05 2025 08:41:58 GMT+0530 (India Standard Time)',
    process: {
      pid: 11260,
      uid: null,
      gid: null,
      cwd: 'D:\\githubrepos\\MERN_Development\\011.AdvanceBackend02.js\\02.monitoring_and_logging\\logger',
      execPath: 'D:\\NodeInstallation\\node.exe',
      version: 'v22.14.0',
      argv: [
        'D:\\NodeInstallation\\node.exe',
        'C:\\Users\\Ritin Kumar Sahu\\AppData\\Roaming\\npm\\node_modules\\pm2\\lib\\ProcessContainerFork.js'
      ],
      memoryUsage: {
        rss: 49811456,
        heapTotal: 14999552,
        heapUsed: 12393512,
        external: 2418514,
        arrayBuffers: 16799
      }
    },
    os: { loadavg: [ 0, 0, 0 ], uptime: 333374.859 },
    trace: [
      {
        column: 10,
        file: 'file:///D:/githubrepos/MERN_Development/011.AdvanceBackend02.js/02.monitoring_and_logging/logger/index.js',
        function: null,
        line: 31,
        method: null,
        native: false
      },
      {
        column: 17,
        file: 'D:\\githubrepos\\MERN_Development\\011.AdvanceBackend02.js\\02.monitoring_and_logging\\logger\\node_modules\\router\\lib\\layer.js',
        function: 'Layer.handleRequest',
        line: 152,
        method: 'handleRequest',
        native: false
      },
      {
        column: 13,
        file: 'D:\\githubrepos\\MERN_Development\\011.AdvanceBackend02.js\\02.monitoring_and_logging\\logger\\node_modules\\router\\lib\\route.js',
        function: 'next',
        line: 157,
        method: null,
        native: false
      },
      {
        column: 3,
        file: 'D:\\githubrepos\\MERN_Development\\011.AdvanceBackend02.js\\02.monitoring_and_logging\\logger\\node_modules\\router\\lib\\route.js',
        function: 'Route.dispatch',
        line: 117,
        method: 'dispatch',
        native: false
      },
      {
        column: 11,
        file: 'D:\\githubrepos\\MERN_Development\\011.AdvanceBackend02.js\\02.monitoring_and_logging\\logger\\node_modules\\router\\index.js',
        function: 'handle',
        line: 435,
        method: null,
        native: false
      },
      {
        column: 17,
        file: 'D:\\githubrepos\\MERN_Development\\011.AdvanceBackend02.js\\02.monitoring_and_logging\\logger\\node_modules\\router\\lib\\layer.js',
        function: 'Layer.handleRequest',
        line: 152,
        method: 'handleRequest',
        native: false
      },
      {
        column: 15,
        file: 'D:\\githubrepos\\MERN_Development\\011.AdvanceBackend02.js\\02.monitoring_and_logging\\logger\\node_modules\\router\\index.js',
        function: null,
        line: 295,
        method: null,
        native: false
      },
      {
        column: 12,
        file: 'D:\\githubrepos\\MERN_Development\\011.AdvanceBackend02.js\\02.monitoring_and_logging\\logger\\node_modules\\router\\index.js',
        function: 'processParams',
        line: 582,
        method: null,
        native: false
      },
      {
        column: 5,
        file: 'D:\\githubrepos\\MERN_Development\\011.AdvanceBackend02.js\\02.monitoring_and_logging\\logger\\node_modules\\router\\index.js',
        function: 'next',
        line: 291,
        method: null,
        native: false
      },
      {
        column: 9,
        file: 'D:\\githubrepos\\MERN_Development\\011.AdvanceBackend02.js\\02.monitoring_and_logging\\logger\\node_modules\\express-winston\\index.js',
        function: null,
        line: 429,
        method: null,
        native: false
      }
    ],
    req: {
      url: '/err',
      headers: {
        host: 'localhost:8080',
        connection: 'keep-alive',
        'sec-ch-ua': '"Chromium";v="134", "Not:A-Brand";v="24", "Google Chrome";v="134"',
        'sec-ch-ua-mobile': '?0',
        'sec-ch-ua-platform': '"Windows"',
        'upgrade-insecure-requests': '1',
        'user-agent': 'Mozilla/5.0 (Windows NT 10.0; Win64; x64) AppleWebKit/537.36 (KHTML, like Gecko) Chrome/134.0.0.0 Safari/537.36',
        accept: 'text/html,application/xhtml+xml,application/xml;q=0.9,image/avif,image/webp,image/apng,*/*;q=0.8,application/signed-exchange;v=b3;q=0.7',
        'sec-fetch-site': 'none',
        'sec-fetch-mode': 'navigate',
        'sec-fetch-user': '?1',
        'sec-fetch-dest': 'document',
        'accept-encoding': 'gzip, deflate, br, zstd',
        'accept-language': 'en-US,en;q=0.9'
      },
      method: 'GET',
      httpVersion: '1.1',
      originalUrl: '/err',
      query: [Object: null prototype] {}
    }
  },
  level: 'error',
  message: 'middlewareError'
}
