{
  meta: {
    req: {
      url: '/',
      headers: {
        host: 'localhost:8080',
        connection: 'keep-alive',
        'sec-ch-ua': '"Chromium";v="134", "Not:A-Brand";v="24", "Google Chrome";v="134"',
        'sec-ch-ua-mobile': '?0',
        'sec-ch-ua-platform': '"Windows"',
        'upgrade-insecure-requests': '1',
        'user-agent': 'Mozilla/5.0 (Windows NT 10.0; Win64; x64) AppleWebKit/537.36 (KHTML, like Gecko) Chrome/134.0.0.0 Safari/537.36',
        accept: 'text/html,application/xhtml+xml,application/xml;q=0.9,image/avif,image/webp,image/apng,*/*;q=0.8,application/signed-exchange;v=b3;q=0.7',
        'sec-fetch-site': 'none',
        'sec-fetch-mode': 'navigate',
        'sec-fetch-user': '?1',
        'sec-fetch-dest': 'document',
        'accept-encoding': 'gzip, deflate, br, zstd',
        'accept-language': 'en-US,en;q=0.9'
      },
      method: 'GET',
      httpVersion: '1.1',
      originalUrl: '/',
      query: [Object: null prototype] {}
    },
    res: { statusCode: 200 },
    responseTime: 5
  },
  level: 'info',
  message: 'HTTP GET /'
}
{
  meta: {
    req: {
      url: '/favicon.ico',
      headers: {
        host: 'localhost:8080',
        connection: 'keep-alive',
        'sec-ch-ua-platform': '"Windows"',
        'user-agent': 'Mozilla/5.0 (Windows NT 10.0; Win64; x64) AppleWebKit/537.36 (KHTML, like Gecko) Chrome/134.0.0.0 Safari/537.36',
        'sec-ch-ua': '"Chromium";v="134", "Not:A-Brand";v="24", "Google Chrome";v="134"',
        'sec-ch-ua-mobile': '?0',
        accept: 'image/avif,image/webp,image/apng,image/svg+xml,image/*,*/*;q=0.8',
        'sec-fetch-site': 'same-origin',
        'sec-fetch-mode': 'no-cors',
        'sec-fetch-dest': 'image',
        referer: 'http://localhost:8080/',
        'accept-encoding': 'gzip, deflate, br, zstd',
        'accept-language': 'en-US,en;q=0.9'
      },
      method: 'GET',
      httpVersion: '1.1',
      originalUrl: '/favicon.ico',
      query: [Object: null prototype] {}
    },
    res: { statusCode: 404 },
    responseTime: 3
  },
  level: 'info',
  message: 'HTTP GET /favicon.ico'
}
{
  meta: {
    req: {
      url: '/',
      headers: {
        host: 'localhost:8080',
        connection: 'keep-alive',
        'sec-ch-ua': '"Chromium";v="134", "Not:A-Brand";v="24", "Google Chrome";v="134"',
        'sec-ch-ua-mobile': '?0',
        'sec-ch-ua-platform': '"Windows"',
        'upgrade-insecure-requests': '1',
        'user-agent': 'Mozilla/5.0 (Windows NT 10.0; Win64; x64) AppleWebKit/537.36 (KHTML, like Gecko) Chrome/134.0.0.0 Safari/537.36',
        accept: 'text/html,application/xhtml+xml,application/xml;q=0.9,image/avif,image/webp,image/apng,*/*;q=0.8,application/signed-exchange;v=b3;q=0.7',
        'sec-fetch-site': 'none',
        'sec-fetch-mode': 'navigate',
        'sec-fetch-user': '?1',
        'sec-fetch-dest': 'document',
        'accept-encoding': 'gzip, deflate, br, zstd',
        'accept-language': 'en-US,en;q=0.9',
        'if-none-match': 'W/"17-5ZJCh6E1rfRoYhfS90fmLBFXxn8"'
      },
      method: 'GET',
      httpVersion: '1.1',
      originalUrl: '/',
      query: [Object: null prototype] {}
    },
    res: { statusCode: 304 },
    responseTime: 1
  },
  level: 'info',
  message: 'HTTP GET /'
}
{
  meta: {
    req: {
      url: '/err',
      headers: {
        host: 'localhost:8080',
        connection: 'keep-alive',
        'sec-ch-ua': '"Chromium";v="134", "Not:A-Brand";v="24", "Google Chrome";v="134"',
        'sec-ch-ua-mobile': '?0',
        'sec-ch-ua-platform': '"Windows"',
        'upgrade-insecure-requests': '1',
        'user-agent': 'Mozilla/5.0 (Windows NT 10.0; Win64; x64) AppleWebKit/537.36 (KHTML, like Gecko) Chrome/134.0.0.0 Safari/537.36',
        accept: 'text/html,application/xhtml+xml,application/xml;q=0.9,image/avif,image/webp,image/apng,*/*;q=0.8,application/signed-exchange;v=b3;q=0.7',
        'sec-fetch-site': 'none',
        'sec-fetch-mode': 'navigate',
        'sec-fetch-user': '?1',
        'sec-fetch-dest': 'document',
        'accept-encoding': 'gzip, deflate, br, zstd',
        'accept-language': 'en-US,en;q=0.9'
      },
      method: 'GET',
      httpVersion: '1.1',
      originalUrl: '/err',
      query: [Object: null prototype] {}
    },
    res: { statusCode: 500 },
    responseTime: 1
  },
  level: 'info',
  message: 'HTTP GET /err'
}
{
  meta: {
    req: {
      url: '/err',
      headers: {
        host: 'localhost:8080',
        connection: 'keep-alive',
        'cache-control': 'max-age=0',
        'sec-ch-ua': '"Chromium";v="134", "Not:A-Brand";v="24", "Google Chrome";v="134"',
        'sec-ch-ua-mobile': '?0',
        'sec-ch-ua-platform': '"Windows"',
        'upgrade-insecure-requests': '1',
        'user-agent': 'Mozilla/5.0 (Windows NT 10.0; Win64; x64) AppleWebKit/537.36 (KHTML, like Gecko) Chrome/134.0.0.0 Safari/537.36',
        accept: 'text/html,application/xhtml+xml,application/xml;q=0.9,image/avif,image/webp,image/apng,*/*;q=0.8,application/signed-exchange;v=b3;q=0.7',
        'sec-fetch-site': 'none',
        'sec-fetch-mode': 'navigate',
        'sec-fetch-user': '?1',
        'sec-fetch-dest': 'document',
        'accept-encoding': 'gzip, deflate, br, zstd',
        'accept-language': 'en-US,en;q=0.9'
      },
      method: 'GET',
      httpVersion: '1.1',
      originalUrl: '/err',
      query: [Object: null prototype] {}
    },
    res: { statusCode: 500 },
    responseTime: 5
  },
  level: 'info',
  message: 'HTTP GET /err'
}
{
  meta: {
    req: {
      url: '/err',
      headers: {
        host: 'localhost:8080',
        connection: 'keep-alive',
        'cache-control': 'max-age=0',
        'sec-ch-ua': '"Chromium";v="134", "Not:A-Brand";v="24", "Google Chrome";v="134"',
        'sec-ch-ua-mobile': '?0',
        'sec-ch-ua-platform': '"Windows"',
        'upgrade-insecure-requests': '1',
        'user-agent': 'Mozilla/5.0 (Windows NT 10.0; Win64; x64) AppleWebKit/537.36 (KHTML, like Gecko) Chrome/134.0.0.0 Safari/537.36',
        accept: 'text/html,application/xhtml+xml,application/xml;q=0.9,image/avif,image/webp,image/apng,*/*;q=0.8,application/signed-exchange;v=b3;q=0.7',
        'sec-fetch-site': 'none',
        'sec-fetch-mode': 'navigate',
        'sec-fetch-user': '?1',
        'sec-fetch-dest': 'document',
        'accept-encoding': 'gzip, deflate, br, zstd',
        'accept-language': 'en-US,en;q=0.9'
      },
      method: 'GET',
      httpVersion: '1.1',
      originalUrl: '/err',
      query: [Object: null prototype] {}
    },
    res: { statusCode: 500 },
    responseTime: 14
  },
  level: 'info',
  message: 'HTTP GET /err'
}
